<?xml version="1.0" encoding="UTF-8"?>
<!-- Generated by org.testng.reporters.JUnitReportReporter -->
<testsuite hostname="LAPTOP-RISHABH" failures="0" tests="1" name="tests.TestHomePage" time="10.418" errors="0" timestamp="2022-04-03T16:30:57 IST" skipped="0">
  <testcase classname="tests.TestHomePage" name="test_01" time="10.418"/>
  <system-out/>
</testsuite> <!-- tests.TestHomePage -->
