<?xml version="1.0" encoding="UTF-8"?>
<!-- Generated by org.testng.reporters.JUnitReportReporter -->
<testsuite hostname="LAPTOP-RISHABH" failures="0" tests="1" name="myPackage.BaseClass" time="15.229" errors="0" timestamp="2022-06-05T12:22:47 IST" skipped="0">
  <testcase classname="myPackage.BaseClass" name="beforemethod" time="15.229"/>
  <system-out/>
</testsuite> <!-- myPackage.BaseClass -->
