<?xml version="1.0" encoding="UTF-8"?>
<!-- Generated by org.testng.reporters.JUnitReportReporter -->
<testsuite hostname="LAPTOP-RISHABH" failures="0" tests="3" name="myPackage.TestParallel" time="34.310" errors="0" timestamp="2022-04-27T22:54:52 IST" skipped="0">
  <testcase classname="myPackage.TestParallel" name="test_01" time="11.413"/>
  <system-out/>
  <testcase classname="myPackage.TestParallel" name="test_01" time="11.442"/>
  <system-out/>
  <testcase classname="myPackage.TestParallel" name="test_01" time="11.455"/>
  <system-out/>
</testsuite> <!-- myPackage.TestParallel -->
