<?xml version="1.0" encoding="UTF-8"?>
<!-- Generated by org.testng.reporters.JUnitReportReporter -->
<testsuite hostname="LAPTOP-RISHABH" failures="0" tests="2" name="myPackage.TestWebsite" time="43.613" errors="0" timestamp="2022-04-03T16:19:23 IST" skipped="0">
  <testcase classname="myPackage.TestWebsite" name="test_01" time="21.976"/>
  <system-out/>
  <testcase classname="myPackage.TestWebsite" name="test_02" time="21.637"/>
  <system-out/>
</testsuite> <!-- myPackage.TestWebsite -->
