<?xml version="1.0" encoding="UTF-8"?>
<!-- Generated by org.testng.reporters.JUnitReportReporter -->
<testsuite hostname="LAPTOP-RISHABH" failures="0" tests="2" name="tests.TestWebsite" time="44.959" errors="0" timestamp="2022-04-03T16:30:57 IST" skipped="0">
  <testcase classname="tests.TestWebsite" name="test_02" time="25.107"/>
  <system-out/>
  <testcase classname="tests.TestWebsite" name="test_01" time="19.852"/>
  <system-out/>
</testsuite> <!-- tests.TestWebsite -->
